

Version:	3.50
CmdLine:	C:\Users\cicas\Desktop\screenshare_java\screenshare.exe --l4j-debug
JNI:		No
WOW64:		Yes
Working dir:	C:\Users\cicas\Desktop\screenshare_java\.
Requires JDK:	No
Requires 64-Bit: No
Java min ver:	1.018.000
Java max ver:	
Substitute:	JAVA_HOME = 
Substitute:	PATH = C:\Program Files\Common Files\Oracle\Java\javapath;C:\Program Files (x86)\Common Files\Oracle\Java\javapath;C:\Windows\system32;C:\Windows;C:\Windows\System32\Wbem;C:\Windows\System32\WindowsPowerShell\v1.0\;C:\Windows\System32\OpenSSH\;C:\Program Files\Git\cmd;C:\Program Files\Mullvad VPN\resources;C:\Users\cicas\AppData\Local\Android\sdk\platform-tools;C:\Users\cicas\AppData\Local\Android\Sdk\platform-tools;C:\Users\cicas\AppData\Local\Android\Sdk\platform-tools;C:\Users\cicas\AppData\Local\Android\Sdk\emulator;C:\Users\cicas\AppData\Local\Microsoft\WindowsApps;;C:\Users\cicas\AppData\Local\Programs\Microsoft VS Code\bin;C:\Program Files (x86)\Java\jre1.8.0_361\bin
JRE paths:	;C:\Program Files\Common Files\Oracle\Java\javapath;C:\Program Files (x86)\Common Files\Oracle\Java\javapath;C:\Windows\system32;C:\Windows;C:\Windows\System32\Wbem;C:\Windows\System32\WindowsPowerShell\v1.0\;C:\Windows\System32\OpenSSH\;C:\Program Files\Git\cmd;C:\Program Files\Mullvad VPN\resources;C:\Users\cicas\AppData\Local\Android\sdk\platform-tools;C:\Users\cicas\AppData\Local\Android\Sdk\platform-tools;C:\Users\cicas\AppData\Local\Android\Sdk\platform-tools;C:\Users\cicas\AppData\Local\Android\Sdk\emulator;C:\Users\cicas\AppData\Local\Microsoft\WindowsApps;;C:\Users\cicas\AppData\Local\Programs\Microsoft VS Code\bin;C:\Program Files (x86)\Java\jre1.8.0_361\bin
Check launcher:	C:\Program Files\Common Files\Oracle\Java\javapath\bin\javaw.exe (not found)
Check launcher:	C:\Program Files (x86)\Common Files\Oracle\Java\javapath\bin\javaw.exe (not found)
Check launcher:	C:\Windows\system32\bin\javaw.exe (not found)
Check launcher:	C:\Windows\bin\javaw.exe (not found)
Check launcher:	C:\Windows\System32\Wbem\bin\javaw.exe (not found)
Check launcher:	C:\Windows\System32\WindowsPowerShell\v1.0\bin\javaw.exe (not found)
Check launcher:	C:\Windows\System32\OpenSSH\bin\javaw.exe (not found)
Check launcher:	C:\Program Files\Git\cmd\bin\javaw.exe (not found)
Check launcher:	C:\Program Files\Mullvad VPN\resources\bin\javaw.exe (not found)
Check launcher:	C:\Users\cicas\AppData\Local\Android\sdk\platform-tools\bin\javaw.exe (not found)
Check launcher:	C:\Users\cicas\AppData\Local\Android\Sdk\platform-tools\bin\javaw.exe (not found)
Check launcher:	C:\Users\cicas\AppData\Local\Android\Sdk\platform-tools\bin\javaw.exe (not found)
Check launcher:	C:\Users\cicas\AppData\Local\Android\Sdk\emulator\bin\javaw.exe (not found)
Check launcher:	C:\Users\cicas\AppData\Local\Microsoft\WindowsApps\bin\javaw.exe (not found)
Check launcher:	C:\Users\cicas\AppData\Local\Programs\Microsoft VS Code\bin\javaw.exe (not found)
Check launcher:	C:\Program Files (x86)\Java\jre1.8.0_361\bin\javaw.exe (OK)
Version string: 1.008.000_361 / 32-Bit (Ignore)
64-bit search:	SOFTWARE\JavaSoft\Java Runtime Environment...
32-bit search:	SOFTWARE\JavaSoft\Java Runtime Environment...
Check:		SOFTWARE\JavaSoft\Java Runtime Environment\1.8
Version string: 1.008.000 / 32-Bit (Ignore)
Ignore:		1.008.000
Check:		SOFTWARE\JavaSoft\Java Runtime Environment\1.8.0_361
Version string: 1.008.000_361 / 32-Bit (Ignore)
Ignore:		1.008.000_361
64-bit search:	SOFTWARE\JavaSoft\Java Development Kit...
32-bit search:	SOFTWARE\JavaSoft\Java Development Kit...
64-bit search:	SOFTWARE\JavaSoft\JRE...
32-bit search:	SOFTWARE\JavaSoft\JRE...
64-bit search:	SOFTWARE\JavaSoft\JDK...
Check:		SOFTWARE\JavaSoft\JDK\17.0.6
Version string: 1.017.000_006 / 64-Bit (Ignore)
Ignore:		1.017.000_006
32-bit search:	SOFTWARE\JavaSoft\JDK...
64-bit search:	SOFTWARE\IBM\Java Runtime Environment...
32-bit search:	SOFTWARE\IBM\Java Runtime Environment...
64-bit search:	SOFTWARE\IBM\Java Development Kit...
32-bit search:	SOFTWARE\IBM\Java Development Kit...
64-bit search:	SOFTWARE\IBM\Java2 Runtime Environment...
32-bit search:	SOFTWARE\IBM\Java2 Runtime Environment...
64-bit search:	SOFTWARE\IBM\Java Development Kit...
32-bit search:	SOFTWARE\IBM\Java Development Kit...
Error msg:	This application requires a Java Runtime Environment 1.18


Version:	3.50
CmdLine:	C:\Users\cicas\Desktop\screenshare_java\screenshare.exe --l4j-debug
JNI:		No
WOW64:		Yes
Working dir:	C:\Users\cicas\Desktop\screenshare_java\.
Requires JDK:	No
Requires 64-Bit: No
Java min ver:	
Java max ver:	
Substitute:	JAVA_HOME = 
Substitute:	PATH = C:\Program Files\Common Files\Oracle\Java\javapath;C:\Program Files (x86)\Common Files\Oracle\Java\javapath;C:\Windows\system32;C:\Windows;C:\Windows\System32\Wbem;C:\Windows\System32\WindowsPowerShell\v1.0\;C:\Windows\System32\OpenSSH\;C:\Program Files\Git\cmd;C:\Program Files\Mullvad VPN\resources;C:\Users\cicas\AppData\Local\Android\sdk\platform-tools;C:\Users\cicas\AppData\Local\Android\Sdk\platform-tools;C:\Users\cicas\AppData\Local\Android\Sdk\platform-tools;C:\Users\cicas\AppData\Local\Android\Sdk\emulator;C:\Users\cicas\AppData\Local\Microsoft\WindowsApps;;C:\Users\cicas\AppData\Local\Programs\Microsoft VS Code\bin;C:\Program Files (x86)\Java\jre1.8.0_361\bin
JRE paths:	;C:\Program Files\Common Files\Oracle\Java\javapath;C:\Program Files (x86)\Common Files\Oracle\Java\javapath;C:\Windows\system32;C:\Windows;C:\Windows\System32\Wbem;C:\Windows\System32\WindowsPowerShell\v1.0\;C:\Windows\System32\OpenSSH\;C:\Program Files\Git\cmd;C:\Program Files\Mullvad VPN\resources;C:\Users\cicas\AppData\Local\Android\sdk\platform-tools;C:\Users\cicas\AppData\Local\Android\Sdk\platform-tools;C:\Users\cicas\AppData\Local\Android\Sdk\platform-tools;C:\Users\cicas\AppData\Local\Android\Sdk\emulator;C:\Users\cicas\AppData\Local\Microsoft\WindowsApps;;C:\Users\cicas\AppData\Local\Programs\Microsoft VS Code\bin;C:\Program Files (x86)\Java\jre1.8.0_361\bin
Check launcher:	C:\Program Files\Common Files\Oracle\Java\javapath\bin\javaw.exe (not found)
Check launcher:	C:\Program Files (x86)\Common Files\Oracle\Java\javapath\bin\javaw.exe (not found)
Check launcher:	C:\Windows\system32\bin\javaw.exe (not found)
Check launcher:	C:\Windows\bin\javaw.exe (not found)
Check launcher:	C:\Windows\System32\Wbem\bin\javaw.exe (not found)
Check launcher:	C:\Windows\System32\WindowsPowerShell\v1.0\bin\javaw.exe (not found)
Check launcher:	C:\Windows\System32\OpenSSH\bin\javaw.exe (not found)
Check launcher:	C:\Program Files\Git\cmd\bin\javaw.exe (not found)
Check launcher:	C:\Program Files\Mullvad VPN\resources\bin\javaw.exe (not found)
Check launcher:	C:\Users\cicas\AppData\Local\Android\sdk\platform-tools\bin\javaw.exe (not found)
Check launcher:	C:\Users\cicas\AppData\Local\Android\Sdk\platform-tools\bin\javaw.exe (not found)
Check launcher:	C:\Users\cicas\AppData\Local\Android\Sdk\platform-tools\bin\javaw.exe (not found)
Check launcher:	C:\Users\cicas\AppData\Local\Android\Sdk\emulator\bin\javaw.exe (not found)
Check launcher:	C:\Users\cicas\AppData\Local\Microsoft\WindowsApps\bin\javaw.exe (not found)
Check launcher:	C:\Users\cicas\AppData\Local\Programs\Microsoft VS Code\bin\javaw.exe (not found)
Check launcher:	C:\Program Files (x86)\Java\jre1.8.0_361\bin\javaw.exe (OK)
Version string: 1.008.000_361 / 32-Bit (OK)
Launcher:	C:\Program Files (x86)\Java\jre1.8.0_361\bin\javaw.exe
Launcher args:	-jar "C:\Users\cicas\Desktop\screenshare_java\screenshare.exe"
Args length:	62/32768 chars
Exit code:	0


Version:	3.50
CmdLine:	C:\Users\cicas\Desktop\screenshare_java\screenshare.exe --l4j-debug
JNI:		No
WOW64:		Yes
Working dir:	C:\Users\cicas\Desktop\screenshare_java\.
Requires JDK:	No
Requires 64-Bit: No
Java min ver:	
Java max ver:	
JRE paths:	JRE
Check launcher:	C:\Users\cicas\Desktop\screenshare_java\JRE\bin\javaw.exe (not found)
Error msg:	This application requires a Java Runtime Environment.


Version:	3.50
CmdLine:	C:\Users\cicas\Desktop\screenshare_java\screenshare.exe --l4j-debug
JNI:		No
WOW64:		Yes
Working dir:	C:\Users\cicas\Desktop\screenshare_java\.
Requires JDK:	No
Requires 64-Bit: No
Java min ver:	
Java max ver:	
Substitute:	PATH = C:\Program Files\Common Files\Oracle\Java\javapath;C:\Program Files (x86)\Common Files\Oracle\Java\javapath;C:\Windows\system32;C:\Windows;C:\Windows\System32\Wbem;C:\Windows\System32\WindowsPowerShell\v1.0\;C:\Windows\System32\OpenSSH\;C:\Program Files\Git\cmd;C:\Program Files\Mullvad VPN\resources;C:\Users\cicas\AppData\Local\Android\sdk\platform-tools;C:\Users\cicas\AppData\Local\Android\Sdk\platform-tools;C:\Users\cicas\AppData\Local\Android\Sdk\platform-tools;C:\Users\cicas\AppData\Local\Android\Sdk\emulator;C:\Users\cicas\AppData\Local\Microsoft\WindowsApps;;C:\Users\cicas\AppData\Local\Programs\Microsoft VS Code\bin;C:\Program Files (x86)\Java\jre1.8.0_361\bin
JRE paths:	C:\Program Files\Common Files\Oracle\Java\javapath;C:\Program Files (x86)\Common Files\Oracle\Java\javapath;C:\Windows\system32;C:\Windows;C:\Windows\System32\Wbem;C:\Windows\System32\WindowsPowerShell\v1.0\;C:\Windows\System32\OpenSSH\;C:\Program Files\Git\cmd;C:\Program Files\Mullvad VPN\resources;C:\Users\cicas\AppData\Local\Android\sdk\platform-tools;C:\Users\cicas\AppData\Local\Android\Sdk\platform-tools;C:\Users\cicas\AppData\Local\Android\Sdk\platform-tools;C:\Users\cicas\AppData\Local\Android\Sdk\emulator;C:\Users\cicas\AppData\Local\Microsoft\WindowsApps;;C:\Users\cicas\AppData\Local\Programs\Microsoft VS Code\bin;C:\Program Files (x86)\Java\jre1.8.0_361\bin
Check launcher:	C:\Program Files\Common Files\Oracle\Java\javapath\bin\javaw.exe (not found)
Check launcher:	C:\Program Files (x86)\Common Files\Oracle\Java\javapath\bin\javaw.exe (not found)
Check launcher:	C:\Windows\system32\bin\javaw.exe (not found)
Check launcher:	C:\Windows\bin\javaw.exe (not found)
Check launcher:	C:\Windows\System32\Wbem\bin\javaw.exe (not found)
Check launcher:	C:\Windows\System32\WindowsPowerShell\v1.0\bin\javaw.exe (not found)
Check launcher:	C:\Windows\System32\OpenSSH\bin\javaw.exe (not found)
Check launcher:	C:\Program Files\Git\cmd\bin\javaw.exe (not found)
Check launcher:	C:\Program Files\Mullvad VPN\resources\bin\javaw.exe (not found)
Check launcher:	C:\Users\cicas\AppData\Local\Android\sdk\platform-tools\bin\javaw.exe (not found)
Check launcher:	C:\Users\cicas\AppData\Local\Android\Sdk\platform-tools\bin\javaw.exe (not found)
Check launcher:	C:\Users\cicas\AppData\Local\Android\Sdk\platform-tools\bin\javaw.exe (not found)
Check launcher:	C:\Users\cicas\AppData\Local\Android\Sdk\emulator\bin\javaw.exe (not found)
Check launcher:	C:\Users\cicas\AppData\Local\Microsoft\WindowsApps\bin\javaw.exe (not found)
Check launcher:	C:\Users\cicas\AppData\Local\Programs\Microsoft VS Code\bin\javaw.exe (not found)
Check launcher:	C:\Program Files (x86)\Java\jre1.8.0_361\bin\javaw.exe (OK)
Version string: 1.008.000_361 / 32-Bit (OK)
Launcher:	C:\Program Files (x86)\Java\jre1.8.0_361\bin\javaw.exe
Launcher args:	-jar "C:\Users\cicas\Desktop\screenshare_java\screenshare.exe"
Args length:	62/32768 chars
Exit code:	0


Version:	3.50
CmdLine:	C:\Users\cicas\Desktop\screenshare_java\screenshare.exe --l4j-debug
JNI:		No
WOW64:		Yes
Working dir:	C:\Users\cicas\Desktop\screenshare_java\.
Requires JDK:	Yes
Requires 64-Bit: No
Java min ver:	
Java max ver:	
Substitute:	PATH = C:\Program Files\Common Files\Oracle\Java\javapath;C:\Program Files (x86)\Common Files\Oracle\Java\javapath;C:\Windows\system32;C:\Windows;C:\Windows\System32\Wbem;C:\Windows\System32\WindowsPowerShell\v1.0\;C:\Windows\System32\OpenSSH\;C:\Program Files\Git\cmd;C:\Program Files\Mullvad VPN\resources;C:\Users\cicas\AppData\Local\Android\sdk\platform-tools;C:\Users\cicas\AppData\Local\Android\Sdk\platform-tools;C:\Users\cicas\AppData\Local\Android\Sdk\platform-tools;C:\Users\cicas\AppData\Local\Android\Sdk\emulator;C:\Users\cicas\AppData\Local\Microsoft\WindowsApps;;C:\Users\cicas\AppData\Local\Programs\Microsoft VS Code\bin;C:\Program Files (x86)\Java\jre1.8.0_361\bin
JRE paths:	C:\Program Files\Common Files\Oracle\Java\javapath;C:\Program Files (x86)\Common Files\Oracle\Java\javapath;C:\Windows\system32;C:\Windows;C:\Windows\System32\Wbem;C:\Windows\System32\WindowsPowerShell\v1.0\;C:\Windows\System32\OpenSSH\;C:\Program Files\Git\cmd;C:\Program Files\Mullvad VPN\resources;C:\Users\cicas\AppData\Local\Android\sdk\platform-tools;C:\Users\cicas\AppData\Local\Android\Sdk\platform-tools;C:\Users\cicas\AppData\Local\Android\Sdk\platform-tools;C:\Users\cicas\AppData\Local\Android\Sdk\emulator;C:\Users\cicas\AppData\Local\Microsoft\WindowsApps;;C:\Users\cicas\AppData\Local\Programs\Microsoft VS Code\bin;C:\Program Files (x86)\Java\jre1.8.0_361\bin
Check launcher:	C:\Program Files\Common Files\Oracle\Java\javapath\bin\javaw.exe (not found)
Check launcher:	C:\Program Files (x86)\Common Files\Oracle\Java\javapath\bin\javaw.exe (not found)
Check launcher:	C:\Windows\system32\bin\javaw.exe (not found)
Check launcher:	C:\Windows\bin\javaw.exe (not found)
Check launcher:	C:\Windows\System32\Wbem\bin\javaw.exe (not found)
Check launcher:	C:\Windows\System32\WindowsPowerShell\v1.0\bin\javaw.exe (not found)
Check launcher:	C:\Windows\System32\OpenSSH\bin\javaw.exe (not found)
Check launcher:	C:\Program Files\Git\cmd\bin\javaw.exe (not found)
Check launcher:	C:\Program Files\Mullvad VPN\resources\bin\javaw.exe (not found)
Check launcher:	C:\Users\cicas\AppData\Local\Android\sdk\platform-tools\bin\javaw.exe (not found)
Check launcher:	C:\Users\cicas\AppData\Local\Android\Sdk\platform-tools\bin\javaw.exe (not found)
Check launcher:	C:\Users\cicas\AppData\Local\Android\Sdk\platform-tools\bin\javaw.exe (not found)
Check launcher:	C:\Users\cicas\AppData\Local\Android\Sdk\emulator\bin\javaw.exe (not found)
Check launcher:	C:\Users\cicas\AppData\Local\Microsoft\WindowsApps\bin\javaw.exe (not found)
Check launcher:	C:\Users\cicas\AppData\Local\Programs\Microsoft VS Code\bin\javaw.exe (not found)
Check launcher:	C:\Program Files (x86)\Java\jre1.8.0_361\bin\javaw.exe (OK)
Check javac:	C:\Program Files (x86)\Java\jre1.8.0_361\bin\javac.exe (not found)
Error msg:	This application requires a Java Runtime Environment.


Version:	3.50
CmdLine:	C:\Users\cicas\Desktop\screenshare_java\screenshare.exe --l4j-debug
JNI:		No
WOW64:		Yes
Working dir:	C:\Users\cicas\Desktop\screenshare_java\.
Requires JDK:	Yes
Requires 64-Bit: No
Java min ver:	
Java max ver:	
Substitute:	PATH = C:\Program Files\Common Files\Oracle\Java\javapath;C:\Program Files (x86)\Common Files\Oracle\Java\javapath;C:\Windows\system32;C:\Windows;C:\Windows\System32\Wbem;C:\Windows\System32\WindowsPowerShell\v1.0\;C:\Windows\System32\OpenSSH\;C:\Program Files\Git\cmd;C:\Program Files\Mullvad VPN\resources;C:\Users\cicas\AppData\Local\Android\sdk\platform-tools;C:\Users\cicas\AppData\Local\Android\Sdk\platform-tools;C:\Users\cicas\AppData\Local\Android\Sdk\platform-tools;C:\Users\cicas\AppData\Local\Android\Sdk\emulator;C:\Users\cicas\AppData\Local\Microsoft\WindowsApps;;C:\Users\cicas\AppData\Local\Programs\Microsoft VS Code\bin;C:\Program Files (x86)\Java\jre1.8.0_361\bin
JRE paths:	C:\Program Files\Common Files\Oracle\Java\javapath;C:\Program Files (x86)\Common Files\Oracle\Java\javapath;C:\Windows\system32;C:\Windows;C:\Windows\System32\Wbem;C:\Windows\System32\WindowsPowerShell\v1.0\;C:\Windows\System32\OpenSSH\;C:\Program Files\Git\cmd;C:\Program Files\Mullvad VPN\resources;C:\Users\cicas\AppData\Local\Android\sdk\platform-tools;C:\Users\cicas\AppData\Local\Android\Sdk\platform-tools;C:\Users\cicas\AppData\Local\Android\Sdk\platform-tools;C:\Users\cicas\AppData\Local\Android\Sdk\emulator;C:\Users\cicas\AppData\Local\Microsoft\WindowsApps;;C:\Users\cicas\AppData\Local\Programs\Microsoft VS Code\bin;C:\Program Files (x86)\Java\jre1.8.0_361\bin;C:\Program Files\Java\jdk-17
Check launcher:	C:\Program Files\Common Files\Oracle\Java\javapath\bin\javaw.exe (not found)
Check launcher:	C:\Program Files (x86)\Common Files\Oracle\Java\javapath\bin\javaw.exe (not found)
Check launcher:	C:\Windows\system32\bin\javaw.exe (not found)
Check launcher:	C:\Windows\bin\javaw.exe (not found)
Check launcher:	C:\Windows\System32\Wbem\bin\javaw.exe (not found)
Check launcher:	C:\Windows\System32\WindowsPowerShell\v1.0\bin\javaw.exe (not found)
Check launcher:	C:\Windows\System32\OpenSSH\bin\javaw.exe (not found)
Check launcher:	C:\Program Files\Git\cmd\bin\javaw.exe (not found)
Check launcher:	C:\Program Files\Mullvad VPN\resources\bin\javaw.exe (not found)
Check launcher:	C:\Users\cicas\AppData\Local\Android\sdk\platform-tools\bin\javaw.exe (not found)
Check launcher:	C:\Users\cicas\AppData\Local\Android\Sdk\platform-tools\bin\javaw.exe (not found)
Check launcher:	C:\Users\cicas\AppData\Local\Android\Sdk\platform-tools\bin\javaw.exe (not found)
Check launcher:	C:\Users\cicas\AppData\Local\Android\Sdk\emulator\bin\javaw.exe (not found)
Check launcher:	C:\Users\cicas\AppData\Local\Microsoft\WindowsApps\bin\javaw.exe (not found)
Check launcher:	C:\Users\cicas\AppData\Local\Programs\Microsoft VS Code\bin\javaw.exe (not found)
Check launcher:	C:\Program Files (x86)\Java\jre1.8.0_361\bin\javaw.exe (OK)
Check javac:	C:\Program Files (x86)\Java\jre1.8.0_361\bin\javac.exe (not found)
Check launcher:	C:\Program Files\Java\jdk-17\bin\javaw.exe (OK)
Check javac:	C:\Program Files\Java\jdk-17\bin\javac.exe (OK)
Version string: 1.017.000_006 / 64-Bit (OK)
Launcher:	C:\Program Files\Java\jdk-17\bin\javaw.exe
Launcher args:	-jar "C:\Users\cicas\Desktop\screenshare_java\screenshare.exe"
Args length:	62/32768 chars
Exit code:	0


Version:	3.50
CmdLine:	C:\Users\cicas\Desktop\screenshare_java\screenshare.exe --l4j-debug
JNI:		No
WOW64:		Yes
Working dir:	C:\Users\cicas\Desktop\screenshare_java\.
Requires JDK:	Yes
Requires 64-Bit: No
Java min ver:	
Java max ver:	
Substitute:	PATH = C:\Program Files\Common Files\Oracle\Java\javapath;C:\Program Files (x86)\Common Files\Oracle\Java\javapath;C:\Windows\system32;C:\Windows;C:\Windows\System32\Wbem;C:\Windows\System32\WindowsPowerShell\v1.0\;C:\Windows\System32\OpenSSH\;C:\Program Files\Git\cmd;C:\Program Files\Mullvad VPN\resources;C:\Users\cicas\AppData\Local\Android\sdk\platform-tools;C:\Users\cicas\AppData\Local\Android\Sdk\platform-tools;C:\Users\cicas\AppData\Local\Android\Sdk\platform-tools;C:\Users\cicas\AppData\Local\Android\Sdk\emulator;C:\Users\cicas\AppData\Local\Microsoft\WindowsApps;;C:\Users\cicas\AppData\Local\Programs\Microsoft VS Code\bin;C:\Program Files (x86)\Java\jre1.8.0_361\bin
Substitute:	JAVA_HOME = 
JRE paths:	C:\Program Files\Common Files\Oracle\Java\javapath;C:\Program Files (x86)\Common Files\Oracle\Java\javapath;C:\Windows\system32;C:\Windows;C:\Windows\System32\Wbem;C:\Windows\System32\WindowsPowerShell\v1.0\;C:\Windows\System32\OpenSSH\;C:\Program Files\Git\cmd;C:\Program Files\Mullvad VPN\resources;C:\Users\cicas\AppData\Local\Android\sdk\platform-tools;C:\Users\cicas\AppData\Local\Android\Sdk\platform-tools;C:\Users\cicas\AppData\Local\Android\Sdk\platform-tools;C:\Users\cicas\AppData\Local\Android\Sdk\emulator;C:\Users\cicas\AppData\Local\Microsoft\WindowsApps;;C:\Users\cicas\AppData\Local\Programs\Microsoft VS Code\bin;C:\Program Files (x86)\Java\jre1.8.0_361\bin;
Check launcher:	C:\Program Files\Common Files\Oracle\Java\javapath\bin\javaw.exe (not found)
Check launcher:	C:\Program Files (x86)\Common Files\Oracle\Java\javapath\bin\javaw.exe (not found)
Check launcher:	C:\Windows\system32\bin\javaw.exe (not found)
Check launcher:	C:\Windows\bin\javaw.exe (not found)
Check launcher:	C:\Windows\System32\Wbem\bin\javaw.exe (not found)
Check launcher:	C:\Windows\System32\WindowsPowerShell\v1.0\bin\javaw.exe (not found)
Check launcher:	C:\Windows\System32\OpenSSH\bin\javaw.exe (not found)
Check launcher:	C:\Program Files\Git\cmd\bin\javaw.exe (not found)
Check launcher:	C:\Program Files\Mullvad VPN\resources\bin\javaw.exe (not found)
Check launcher:	C:\Users\cicas\AppData\Local\Android\sdk\platform-tools\bin\javaw.exe (not found)
Check launcher:	C:\Users\cicas\AppData\Local\Android\Sdk\platform-tools\bin\javaw.exe (not found)
Check launcher:	C:\Users\cicas\AppData\Local\Android\Sdk\platform-tools\bin\javaw.exe (not found)
Check launcher:	C:\Users\cicas\AppData\Local\Android\Sdk\emulator\bin\javaw.exe (not found)
Check launcher:	C:\Users\cicas\AppData\Local\Microsoft\WindowsApps\bin\javaw.exe (not found)
Check launcher:	C:\Users\cicas\AppData\Local\Programs\Microsoft VS Code\bin\javaw.exe (not found)
Check launcher:	C:\Program Files (x86)\Java\jre1.8.0_361\bin\javaw.exe (OK)
Check javac:	C:\Program Files (x86)\Java\jre1.8.0_361\bin\javac.exe (not found)
Error msg:	This application requires a Java Runtime Environment.


Version:	3.50
CmdLine:	C:\Users\cicas\Desktop\screenshare_java\screenshare.exe --l4j-debug
JNI:		No
WOW64:		Yes
Working dir:	C:\Users\cicas\Desktop\screenshare_java\.
Requires JDK:	No
Requires 64-Bit: No
Java min ver:	
Java max ver:	
Substitute:	JAVA_HOME = 
JRE paths:	
Error msg:	This application requires a Java Runtime Environment.
Error:		Det går inte att hitta angivet miljöalternativ.



Version:	3.50
CmdLine:	C:\Users\cicas\Desktop\screenshare_java\screenshare.exe --l4j-debug
JNI:		No
WOW64:		Yes
Working dir:	C:\Users\cicas\Desktop\screenshare_java\.
Requires JDK:	No
Requires 64-Bit: No
Java min ver:	
Java max ver:	
Substitute:	JAVA_HOME = 
Substitute:	PATH = C:\Program Files\Common Files\Oracle\Java\javapath;C:\Program Files (x86)\Common Files\Oracle\Java\javapath;C:\Windows\system32;C:\Windows;C:\Windows\System32\Wbem;C:\Windows\System32\WindowsPowerShell\v1.0\;C:\Windows\System32\OpenSSH\;C:\Program Files\Git\cmd;C:\Program Files\Mullvad VPN\resources;C:\Users\cicas\AppData\Local\Android\sdk\platform-tools;C:\Users\cicas\AppData\Local\Android\Sdk\platform-tools;C:\Users\cicas\AppData\Local\Android\Sdk\platform-tools;C:\Users\cicas\AppData\Local\Android\Sdk\emulator;C:\Users\cicas\AppData\Local\Microsoft\WindowsApps;;C:\Users\cicas\AppData\Local\Programs\Microsoft VS Code\bin;C:\Program Files (x86)\Java\jre1.8.0_361\bin
JRE paths:	;C:\Program Files\Common Files\Oracle\Java\javapath;C:\Program Files (x86)\Common Files\Oracle\Java\javapath;C:\Windows\system32;C:\Windows;C:\Windows\System32\Wbem;C:\Windows\System32\WindowsPowerShell\v1.0\;C:\Windows\System32\OpenSSH\;C:\Program Files\Git\cmd;C:\Program Files\Mullvad VPN\resources;C:\Users\cicas\AppData\Local\Android\sdk\platform-tools;C:\Users\cicas\AppData\Local\Android\Sdk\platform-tools;C:\Users\cicas\AppData\Local\Android\Sdk\platform-tools;C:\Users\cicas\AppData\Local\Android\Sdk\emulator;C:\Users\cicas\AppData\Local\Microsoft\WindowsApps;;C:\Users\cicas\AppData\Local\Programs\Microsoft VS Code\bin;C:\Program Files (x86)\Java\jre1.8.0_361\bin;C:\Program FIles\Java
Check launcher:	C:\Program Files\Common Files\Oracle\Java\javapath\bin\javaw.exe (not found)
Check launcher:	C:\Program Files (x86)\Common Files\Oracle\Java\javapath\bin\javaw.exe (not found)
Check launcher:	C:\Windows\system32\bin\javaw.exe (not found)
Check launcher:	C:\Windows\bin\javaw.exe (not found)
Check launcher:	C:\Windows\System32\Wbem\bin\javaw.exe (not found)
Check launcher:	C:\Windows\System32\WindowsPowerShell\v1.0\bin\javaw.exe (not found)
Check launcher:	C:\Windows\System32\OpenSSH\bin\javaw.exe (not found)
Check launcher:	C:\Program Files\Git\cmd\bin\javaw.exe (not found)
Check launcher:	C:\Program Files\Mullvad VPN\resources\bin\javaw.exe (not found)
Check launcher:	C:\Users\cicas\AppData\Local\Android\sdk\platform-tools\bin\javaw.exe (not found)
Check launcher:	C:\Users\cicas\AppData\Local\Android\Sdk\platform-tools\bin\javaw.exe (not found)
Check launcher:	C:\Users\cicas\AppData\Local\Android\Sdk\platform-tools\bin\javaw.exe (not found)
Check launcher:	C:\Users\cicas\AppData\Local\Android\Sdk\emulator\bin\javaw.exe (not found)
Check launcher:	C:\Users\cicas\AppData\Local\Microsoft\WindowsApps\bin\javaw.exe (not found)
Check launcher:	C:\Users\cicas\AppData\Local\Programs\Microsoft VS Code\bin\javaw.exe (not found)
Check launcher:	C:\Program Files (x86)\Java\jre1.8.0_361\bin\javaw.exe (OK)
Version string: 1.008.000_361 / 32-Bit (OK)
Launcher:	C:\Program Files (x86)\Java\jre1.8.0_361\bin\javaw.exe
Launcher args:	-jar "C:\Users\cicas\Desktop\screenshare_java\screenshare.exe"
Args length:	62/32768 chars
Exit code:	0


Version:	3.50
CmdLine:	C:\Users\cicas\Desktop\screenshare_java\screenshare.exe --l4j-debug
JNI:		No
WOW64:		Yes
Working dir:	C:\Users\cicas\Desktop\screenshare_java\.
Requires JDK:	No
Requires 64-Bit: No
Java min ver:	
Java max ver:	
Substitute:	JAVA_HOME = 
Substitute:	PATH = C:\Program Files\Common Files\Oracle\Java\javapath;C:\Program Files (x86)\Common Files\Oracle\Java\javapath;C:\Windows\system32;C:\Windows;C:\Windows\System32\Wbem;C:\Windows\System32\WindowsPowerShell\v1.0\;C:\Windows\System32\OpenSSH\;C:\Program Files\Git\cmd;C:\Program Files\Mullvad VPN\resources;C:\Users\cicas\AppData\Local\Android\sdk\platform-tools;C:\Users\cicas\AppData\Local\Android\Sdk\platform-tools;C:\Users\cicas\AppData\Local\Android\Sdk\platform-tools;C:\Users\cicas\AppData\Local\Android\Sdk\emulator;C:\Users\cicas\AppData\Local\Microsoft\WindowsApps;;C:\Users\cicas\AppData\Local\Programs\Microsoft VS Code\bin;C:\Program Files (x86)\Java\jre1.8.0_361\bin
JRE paths:	;C:\Program Files\Common Files\Oracle\Java\javapath;C:\Program Files (x86)\Common Files\Oracle\Java\javapath;C:\Windows\system32;C:\Windows;C:\Windows\System32\Wbem;C:\Windows\System32\WindowsPowerShell\v1.0\;C:\Windows\System32\OpenSSH\;C:\Program Files\Git\cmd;C:\Program Files\Mullvad VPN\resources;C:\Users\cicas\AppData\Local\Android\sdk\platform-tools;C:\Users\cicas\AppData\Local\Android\Sdk\platform-tools;C:\Users\cicas\AppData\Local\Android\Sdk\platform-tools;C:\Users\cicas\AppData\Local\Android\Sdk\emulator;C:\Users\cicas\AppData\Local\Microsoft\WindowsApps;;C:\Users\cicas\AppData\Local\Programs\Microsoft VS Code\bin;C:\Program Files (x86)\Java\jre1.8.0_361\bin;C:\Program Files\Java
Check launcher:	C:\Program Files\Common Files\Oracle\Java\javapath\bin\javaw.exe (not found)
Check launcher:	C:\Program Files (x86)\Common Files\Oracle\Java\javapath\bin\javaw.exe (not found)
Check launcher:	C:\Windows\system32\bin\javaw.exe (not found)
Check launcher:	C:\Windows\bin\javaw.exe (not found)
Check launcher:	C:\Windows\System32\Wbem\bin\javaw.exe (not found)
Check launcher:	C:\Windows\System32\WindowsPowerShell\v1.0\bin\javaw.exe (not found)
Check launcher:	C:\Windows\System32\OpenSSH\bin\javaw.exe (not found)
Check launcher:	C:\Program Files\Git\cmd\bin\javaw.exe (not found)
Check launcher:	C:\Program Files\Mullvad VPN\resources\bin\javaw.exe (not found)
Check launcher:	C:\Users\cicas\AppData\Local\Android\sdk\platform-tools\bin\javaw.exe (not found)
Check launcher:	C:\Users\cicas\AppData\Local\Android\Sdk\platform-tools\bin\javaw.exe (not found)
Check launcher:	C:\Users\cicas\AppData\Local\Android\Sdk\platform-tools\bin\javaw.exe (not found)
Check launcher:	C:\Users\cicas\AppData\Local\Android\Sdk\emulator\bin\javaw.exe (not found)
Check launcher:	C:\Users\cicas\AppData\Local\Microsoft\WindowsApps\bin\javaw.exe (not found)
Check launcher:	C:\Users\cicas\AppData\Local\Programs\Microsoft VS Code\bin\javaw.exe (not found)
Check launcher:	C:\Program Files (x86)\Java\jre1.8.0_361\bin\javaw.exe (OK)
Version string: 1.008.000_361 / 32-Bit (OK)
Launcher:	C:\Program Files (x86)\Java\jre1.8.0_361\bin\javaw.exe
Launcher args:	-jar "C:\Users\cicas\Desktop\screenshare_java\screenshare.exe"
Args length:	62/32768 chars
Exit code:	0


Version:	3.50
CmdLine:	C:\Users\cicas\Desktop\screenshare_java\screenshare.exe --l4j-debug
JNI:		No
WOW64:		Yes
Working dir:	C:\Users\cicas\Desktop\screenshare_java\.
Requires JDK:	No
Requires 64-Bit: No
Java min ver:	
Java max ver:	
JRE paths:	C:\Program Files\Java
Check launcher:	C:\Program Files\Java\bin\javaw.exe (not found)
Error msg:	This application requires a Java Runtime Environment.


Version:	3.50
CmdLine:	C:\Users\cicas\Desktop\screenshare_java\screenshare.exe --l4j-debug
JNI:		No
WOW64:		Yes
Working dir:	C:\Users\cicas\Desktop\screenshare_java\.
Requires JDK:	Yes
Requires 64-Bit: No
Java min ver:	
Java max ver:	
Substitute:	PATH = C:\Program Files\Common Files\Oracle\Java\javapath;C:\Program Files (x86)\Common Files\Oracle\Java\javapath;C:\Windows\system32;C:\Windows;C:\Windows\System32\Wbem;C:\Windows\System32\WindowsPowerShell\v1.0\;C:\Windows\System32\OpenSSH\;C:\Program Files\Git\cmd;C:\Program Files\Mullvad VPN\resources;C:\Users\cicas\AppData\Local\Android\sdk\platform-tools;C:\Users\cicas\AppData\Local\Android\Sdk\platform-tools;C:\Users\cicas\AppData\Local\Android\Sdk\platform-tools;C:\Users\cicas\AppData\Local\Android\Sdk\emulator;C:\Users\cicas\AppData\Local\Microsoft\WindowsApps;;C:\Users\cicas\AppData\Local\Programs\Microsoft VS Code\bin;C:\Program Files (x86)\Java\jre1.8.0_361\bin
JRE paths:	C:\Program Files\Common Files\Oracle\Java\javapath;C:\Program Files (x86)\Common Files\Oracle\Java\javapath;C:\Windows\system32;C:\Windows;C:\Windows\System32\Wbem;C:\Windows\System32\WindowsPowerShell\v1.0\;C:\Windows\System32\OpenSSH\;C:\Program Files\Git\cmd;C:\Program Files\Mullvad VPN\resources;C:\Users\cicas\AppData\Local\Android\sdk\platform-tools;C:\Users\cicas\AppData\Local\Android\Sdk\platform-tools;C:\Users\cicas\AppData\Local\Android\Sdk\platform-tools;C:\Users\cicas\AppData\Local\Android\Sdk\emulator;C:\Users\cicas\AppData\Local\Microsoft\WindowsApps;;C:\Users\cicas\AppData\Local\Programs\Microsoft VS Code\bin;C:\Program Files (x86)\Java\jre1.8.0_361\bin
Check launcher:	C:\Program Files\Common Files\Oracle\Java\javapath\bin\javaw.exe (not found)
Check launcher:	C:\Program Files (x86)\Common Files\Oracle\Java\javapath\bin\javaw.exe (not found)
Check launcher:	C:\Windows\system32\bin\javaw.exe (not found)
Check launcher:	C:\Windows\bin\javaw.exe (not found)
Check launcher:	C:\Windows\System32\Wbem\bin\javaw.exe (not found)
Check launcher:	C:\Windows\System32\WindowsPowerShell\v1.0\bin\javaw.exe (not found)
Check launcher:	C:\Windows\System32\OpenSSH\bin\javaw.exe (not found)
Check launcher:	C:\Program Files\Git\cmd\bin\javaw.exe (not found)
Check launcher:	C:\Program Files\Mullvad VPN\resources\bin\javaw.exe (not found)
Check launcher:	C:\Users\cicas\AppData\Local\Android\sdk\platform-tools\bin\javaw.exe (not found)
Check launcher:	C:\Users\cicas\AppData\Local\Android\Sdk\platform-tools\bin\javaw.exe (not found)
Check launcher:	C:\Users\cicas\AppData\Local\Android\Sdk\platform-tools\bin\javaw.exe (not found)
Check launcher:	C:\Users\cicas\AppData\Local\Android\Sdk\emulator\bin\javaw.exe (not found)
Check launcher:	C:\Users\cicas\AppData\Local\Microsoft\WindowsApps\bin\javaw.exe (not found)
Check launcher:	C:\Users\cicas\AppData\Local\Programs\Microsoft VS Code\bin\javaw.exe (not found)
Check launcher:	C:\Program Files (x86)\Java\jre1.8.0_361\bin\javaw.exe (OK)
Check javac:	C:\Program Files (x86)\Java\jre1.8.0_361\bin\javac.exe (not found)
Error msg:	This application requires a Java Runtime Environment.


Version:	3.50
CmdLine:	C:\Users\cicas\Desktop\screenshare_java\screenshare.exe --l4j-debug
JNI:		No
WOW64:		Yes
Working dir:	C:\Users\cicas\Desktop\screenshare_java\.
Requires JDK:	No
Requires 64-Bit: No
Java min ver:	
Java max ver:	
Substitute:	PATH = C:\Program Files\Common Files\Oracle\Java\javapath;C:\Program Files (x86)\Common Files\Oracle\Java\javapath;C:\Windows\system32;C:\Windows;C:\Windows\System32\Wbem;C:\Windows\System32\WindowsPowerShell\v1.0\;C:\Windows\System32\OpenSSH\;C:\Program Files\Git\cmd;C:\Program Files\Mullvad VPN\resources;C:\Users\cicas\AppData\Local\Android\sdk\platform-tools;C:\Users\cicas\AppData\Local\Android\Sdk\platform-tools;C:\Users\cicas\AppData\Local\Android\Sdk\platform-tools;C:\Users\cicas\AppData\Local\Android\Sdk\emulator;C:\Users\cicas\AppData\Local\Microsoft\WindowsApps;;C:\Users\cicas\AppData\Local\Programs\Microsoft VS Code\bin;C:\Program Files (x86)\Java\jre1.8.0_361\bin
JRE paths:	C:\Program Files\Common Files\Oracle\Java\javapath;C:\Program Files (x86)\Common Files\Oracle\Java\javapath;C:\Windows\system32;C:\Windows;C:\Windows\System32\Wbem;C:\Windows\System32\WindowsPowerShell\v1.0\;C:\Windows\System32\OpenSSH\;C:\Program Files\Git\cmd;C:\Program Files\Mullvad VPN\resources;C:\Users\cicas\AppData\Local\Android\sdk\platform-tools;C:\Users\cicas\AppData\Local\Android\Sdk\platform-tools;C:\Users\cicas\AppData\Local\Android\Sdk\platform-tools;C:\Users\cicas\AppData\Local\Android\Sdk\emulator;C:\Users\cicas\AppData\Local\Microsoft\WindowsApps;;C:\Users\cicas\AppData\Local\Programs\Microsoft VS Code\bin;C:\Program Files (x86)\Java\jre1.8.0_361\bin
Check launcher:	C:\Program Files\Common Files\Oracle\Java\javapath\bin\javaw.exe (not found)
Check launcher:	C:\Program Files (x86)\Common Files\Oracle\Java\javapath\bin\javaw.exe (not found)
Check launcher:	C:\Windows\system32\bin\javaw.exe (not found)
Check launcher:	C:\Windows\bin\javaw.exe (not found)
Check launcher:	C:\Windows\System32\Wbem\bin\javaw.exe (not found)
Check launcher:	C:\Windows\System32\WindowsPowerShell\v1.0\bin\javaw.exe (not found)
Check launcher:	C:\Windows\System32\OpenSSH\bin\javaw.exe (not found)
Check launcher:	C:\Program Files\Git\cmd\bin\javaw.exe (not found)
Check launcher:	C:\Program Files\Mullvad VPN\resources\bin\javaw.exe (not found)
Check launcher:	C:\Users\cicas\AppData\Local\Android\sdk\platform-tools\bin\javaw.exe (not found)
Check launcher:	C:\Users\cicas\AppData\Local\Android\Sdk\platform-tools\bin\javaw.exe (not found)
Check launcher:	C:\Users\cicas\AppData\Local\Android\Sdk\platform-tools\bin\javaw.exe (not found)
Check launcher:	C:\Users\cicas\AppData\Local\Android\Sdk\emulator\bin\javaw.exe (not found)
Check launcher:	C:\Users\cicas\AppData\Local\Microsoft\WindowsApps\bin\javaw.exe (not found)
Check launcher:	C:\Users\cicas\AppData\Local\Programs\Microsoft VS Code\bin\javaw.exe (not found)
Check launcher:	C:\Program Files (x86)\Java\jre1.8.0_361\bin\javaw.exe (OK)
Version string: 1.008.000_361 / 32-Bit (OK)
Launcher:	C:\Program Files (x86)\Java\jre1.8.0_361\bin\javaw.exe
Launcher args:	-jar "C:\Users\cicas\Desktop\screenshare_java\screenshare.exe"
Args length:	62/32768 chars
Exit code:	0


Version:	3.50
CmdLine:	C:\Users\cicas\Desktop\screenshare_java\screenshare.exe --l4j-debug
JNI:		No
WOW64:		Yes
Working dir:	C:\Users\cicas\Desktop\screenshare_java\.
Requires JDK:	No
Requires 64-Bit: No
Java min ver:	1.018.000
Java max ver:	
Substitute:	PATH = C:\Program Files\Common Files\Oracle\Java\javapath;C:\Program Files (x86)\Common Files\Oracle\Java\javapath;C:\Windows\system32;C:\Windows;C:\Windows\System32\Wbem;C:\Windows\System32\WindowsPowerShell\v1.0\;C:\Windows\System32\OpenSSH\;C:\Program Files\Git\cmd;C:\Program Files\Mullvad VPN\resources;C:\Users\cicas\AppData\Local\Android\sdk\platform-tools;C:\Users\cicas\AppData\Local\Android\Sdk\platform-tools;C:\Users\cicas\AppData\Local\Android\Sdk\platform-tools;C:\Users\cicas\AppData\Local\Android\Sdk\emulator;C:\Users\cicas\AppData\Local\Microsoft\WindowsApps;;C:\Users\cicas\AppData\Local\Programs\Microsoft VS Code\bin;C:\Program Files (x86)\Java\jre1.8.0_361\bin
Substitute:	JAVA_HOME = 
JRE paths:	C:\Program Files\Common Files\Oracle\Java\javapath;C:\Program Files (x86)\Common Files\Oracle\Java\javapath;C:\Windows\system32;C:\Windows;C:\Windows\System32\Wbem;C:\Windows\System32\WindowsPowerShell\v1.0\;C:\Windows\System32\OpenSSH\;C:\Program Files\Git\cmd;C:\Program Files\Mullvad VPN\resources;C:\Users\cicas\AppData\Local\Android\sdk\platform-tools;C:\Users\cicas\AppData\Local\Android\Sdk\platform-tools;C:\Users\cicas\AppData\Local\Android\Sdk\platform-tools;C:\Users\cicas\AppData\Local\Android\Sdk\emulator;C:\Users\cicas\AppData\Local\Microsoft\WindowsApps;;C:\Users\cicas\AppData\Local\Programs\Microsoft VS Code\bin;C:\Program Files (x86)\Java\jre1.8.0_361\bin;
Check launcher:	C:\Program Files\Common Files\Oracle\Java\javapath\bin\javaw.exe (not found)
Check launcher:	C:\Program Files (x86)\Common Files\Oracle\Java\javapath\bin\javaw.exe (not found)
Check launcher:	C:\Windows\system32\bin\javaw.exe (not found)
Check launcher:	C:\Windows\bin\javaw.exe (not found)
Check launcher:	C:\Windows\System32\Wbem\bin\javaw.exe (not found)
Check launcher:	C:\Windows\System32\WindowsPowerShell\v1.0\bin\javaw.exe (not found)
Check launcher:	C:\Windows\System32\OpenSSH\bin\javaw.exe (not found)
Check launcher:	C:\Program Files\Git\cmd\bin\javaw.exe (not found)
Check launcher:	C:\Program Files\Mullvad VPN\resources\bin\javaw.exe (not found)
Check launcher:	C:\Users\cicas\AppData\Local\Android\sdk\platform-tools\bin\javaw.exe (not found)
Check launcher:	C:\Users\cicas\AppData\Local\Android\Sdk\platform-tools\bin\javaw.exe (not found)
Check launcher:	C:\Users\cicas\AppData\Local\Android\Sdk\platform-tools\bin\javaw.exe (not found)
Check launcher:	C:\Users\cicas\AppData\Local\Android\Sdk\emulator\bin\javaw.exe (not found)
Check launcher:	C:\Users\cicas\AppData\Local\Microsoft\WindowsApps\bin\javaw.exe (not found)
Check launcher:	C:\Users\cicas\AppData\Local\Programs\Microsoft VS Code\bin\javaw.exe (not found)
Check launcher:	C:\Program Files (x86)\Java\jre1.8.0_361\bin\javaw.exe (OK)
Version string: 1.008.000_361 / 32-Bit (Ignore)
64-bit search:	SOFTWARE\JavaSoft\Java Runtime Environment...
32-bit search:	SOFTWARE\JavaSoft\Java Runtime Environment...
Check:		SOFTWARE\JavaSoft\Java Runtime Environment\1.8
Version string: 1.008.000 / 32-Bit (Ignore)
Ignore:		1.008.000
Check:		SOFTWARE\JavaSoft\Java Runtime Environment\1.8.0_361
Version string: 1.008.000_361 / 32-Bit (Ignore)
Ignore:		1.008.000_361
64-bit search:	SOFTWARE\JavaSoft\Java Development Kit...
32-bit search:	SOFTWARE\JavaSoft\Java Development Kit...
64-bit search:	SOFTWARE\JavaSoft\JRE...
32-bit search:	SOFTWARE\JavaSoft\JRE...
64-bit search:	SOFTWARE\JavaSoft\JDK...
Check:		SOFTWARE\JavaSoft\JDK\17.0.6
Version string: 1.017.000_006 / 64-Bit (Ignore)
Ignore:		1.017.000_006
32-bit search:	SOFTWARE\JavaSoft\JDK...
64-bit search:	SOFTWARE\IBM\Java Runtime Environment...
32-bit search:	SOFTWARE\IBM\Java Runtime Environment...
64-bit search:	SOFTWARE\IBM\Java Development Kit...
32-bit search:	SOFTWARE\IBM\Java Development Kit...
64-bit search:	SOFTWARE\IBM\Java2 Runtime Environment...
32-bit search:	SOFTWARE\IBM\Java2 Runtime Environment...
64-bit search:	SOFTWARE\IBM\Java Development Kit...
32-bit search:	SOFTWARE\IBM\Java Development Kit...
Error msg:	This application requires a Java Runtime Environment 1.18.0


Version:	3.50
CmdLine:	C:\Users\cicas\Desktop\screenshare_java\screenshare.exe --l4j-debug
JNI:		No
WOW64:		Yes
Working dir:	C:\Users\cicas\Desktop\screenshare_java\.
Requires JDK:	No
Requires 64-Bit: No
Java min ver:	1.017.000_006
Java max ver:	
Substitute:	PATH = C:\Program Files\Common Files\Oracle\Java\javapath;C:\Program Files (x86)\Common Files\Oracle\Java\javapath;C:\Windows\system32;C:\Windows;C:\Windows\System32\Wbem;C:\Windows\System32\WindowsPowerShell\v1.0\;C:\Windows\System32\OpenSSH\;C:\Program Files\Git\cmd;C:\Program Files\Mullvad VPN\resources;C:\Users\cicas\AppData\Local\Android\sdk\platform-tools;C:\Users\cicas\AppData\Local\Android\Sdk\platform-tools;C:\Users\cicas\AppData\Local\Android\Sdk\platform-tools;C:\Users\cicas\AppData\Local\Android\Sdk\emulator;C:\Users\cicas\AppData\Local\Microsoft\WindowsApps;;C:\Users\cicas\AppData\Local\Programs\Microsoft VS Code\bin;C:\Program Files (x86)\Java\jre1.8.0_361\bin
Substitute:	JAVA_HOME = 
JRE paths:	C:\Program Files\Common Files\Oracle\Java\javapath;C:\Program Files (x86)\Common Files\Oracle\Java\javapath;C:\Windows\system32;C:\Windows;C:\Windows\System32\Wbem;C:\Windows\System32\WindowsPowerShell\v1.0\;C:\Windows\System32\OpenSSH\;C:\Program Files\Git\cmd;C:\Program Files\Mullvad VPN\resources;C:\Users\cicas\AppData\Local\Android\sdk\platform-tools;C:\Users\cicas\AppData\Local\Android\Sdk\platform-tools;C:\Users\cicas\AppData\Local\Android\Sdk\platform-tools;C:\Users\cicas\AppData\Local\Android\Sdk\emulator;C:\Users\cicas\AppData\Local\Microsoft\WindowsApps;;C:\Users\cicas\AppData\Local\Programs\Microsoft VS Code\bin;C:\Program Files (x86)\Java\jre1.8.0_361\bin;
Check launcher:	C:\Program Files\Common Files\Oracle\Java\javapath\bin\javaw.exe (not found)
Check launcher:	C:\Program Files (x86)\Common Files\Oracle\Java\javapath\bin\javaw.exe (not found)
Check launcher:	C:\Windows\system32\bin\javaw.exe (not found)
Check launcher:	C:\Windows\bin\javaw.exe (not found)
Check launcher:	C:\Windows\System32\Wbem\bin\javaw.exe (not found)
Check launcher:	C:\Windows\System32\WindowsPowerShell\v1.0\bin\javaw.exe (not found)
Check launcher:	C:\Windows\System32\OpenSSH\bin\javaw.exe (not found)
Check launcher:	C:\Program Files\Git\cmd\bin\javaw.exe (not found)
Check launcher:	C:\Program Files\Mullvad VPN\resources\bin\javaw.exe (not found)
Check launcher:	C:\Users\cicas\AppData\Local\Android\sdk\platform-tools\bin\javaw.exe (not found)
Check launcher:	C:\Users\cicas\AppData\Local\Android\Sdk\platform-tools\bin\javaw.exe (not found)
Check launcher:	C:\Users\cicas\AppData\Local\Android\Sdk\platform-tools\bin\javaw.exe (not found)
Check launcher:	C:\Users\cicas\AppData\Local\Android\Sdk\emulator\bin\javaw.exe (not found)
Check launcher:	C:\Users\cicas\AppData\Local\Microsoft\WindowsApps\bin\javaw.exe (not found)
Check launcher:	C:\Users\cicas\AppData\Local\Programs\Microsoft VS Code\bin\javaw.exe (not found)
Check launcher:	C:\Program Files (x86)\Java\jre1.8.0_361\bin\javaw.exe (OK)
Version string: 1.008.000_361 / 32-Bit (Ignore)
64-bit search:	SOFTWARE\JavaSoft\Java Runtime Environment...
32-bit search:	SOFTWARE\JavaSoft\Java Runtime Environment...
Check:		SOFTWARE\JavaSoft\Java Runtime Environment\1.8
Version string: 1.008.000 / 32-Bit (Ignore)
Ignore:		1.008.000
Check:		SOFTWARE\JavaSoft\Java Runtime Environment\1.8.0_361
Version string: 1.008.000_361 / 32-Bit (Ignore)
Ignore:		1.008.000_361
64-bit search:	SOFTWARE\JavaSoft\Java Development Kit...
32-bit search:	SOFTWARE\JavaSoft\Java Development Kit...
64-bit search:	SOFTWARE\JavaSoft\JRE...
32-bit search:	SOFTWARE\JavaSoft\JRE...
64-bit search:	SOFTWARE\JavaSoft\JDK...
Check:		SOFTWARE\JavaSoft\JDK\17.0.6
Version string: 1.017.000_006 / 64-Bit (OK)
Check launcher:	C:\Program Files\Java\jdk-17\bin\javaw.exe (OK)
Match:		1.017.000_006
Runtime used:	1.017.000_006 (64-bit)
Launcher:	C:\Program Files\Java\jdk-17\bin\javaw.exe
Launcher args:	-jar "C:\Users\cicas\Desktop\screenshare_java\screenshare.exe"
Args length:	62/32768 chars
Exit code:	0


Version:	3.50
CmdLine:	C:\Users\cicas\Desktop\screenshare_java\screenshare.exe --l4j-debug
JNI:		No
WOW64:		Yes
Working dir:	C:\Users\cicas\Desktop\screenshare_java\.
Requires JDK:	No
Requires 64-Bit: No
Java min ver:	1.011.000
Java max ver:	
Substitute:	PATH = C:\Program Files\Common Files\Oracle\Java\javapath;C:\Program Files (x86)\Common Files\Oracle\Java\javapath;C:\Windows\system32;C:\Windows;C:\Windows\System32\Wbem;C:\Windows\System32\WindowsPowerShell\v1.0\;C:\Windows\System32\OpenSSH\;C:\Program Files\Git\cmd;C:\Program Files\Mullvad VPN\resources;C:\Users\cicas\AppData\Local\Android\sdk\platform-tools;C:\Users\cicas\AppData\Local\Android\Sdk\platform-tools;C:\Users\cicas\AppData\Local\Android\Sdk\platform-tools;C:\Users\cicas\AppData\Local\Android\Sdk\emulator;C:\Users\cicas\AppData\Local\Microsoft\WindowsApps;;C:\Users\cicas\AppData\Local\Programs\Microsoft VS Code\bin;C:\Program Files (x86)\Java\jre1.8.0_361\bin
Substitute:	JAVA_HOME = 
JRE paths:	C:\Program Files\Common Files\Oracle\Java\javapath;C:\Program Files (x86)\Common Files\Oracle\Java\javapath;C:\Windows\system32;C:\Windows;C:\Windows\System32\Wbem;C:\Windows\System32\WindowsPowerShell\v1.0\;C:\Windows\System32\OpenSSH\;C:\Program Files\Git\cmd;C:\Program Files\Mullvad VPN\resources;C:\Users\cicas\AppData\Local\Android\sdk\platform-tools;C:\Users\cicas\AppData\Local\Android\Sdk\platform-tools;C:\Users\cicas\AppData\Local\Android\Sdk\platform-tools;C:\Users\cicas\AppData\Local\Android\Sdk\emulator;C:\Users\cicas\AppData\Local\Microsoft\WindowsApps;;C:\Users\cicas\AppData\Local\Programs\Microsoft VS Code\bin;C:\Program Files (x86)\Java\jre1.8.0_361\bin;
Check launcher:	C:\Program Files\Common Files\Oracle\Java\javapath\bin\javaw.exe (not found)
Check launcher:	C:\Program Files (x86)\Common Files\Oracle\Java\javapath\bin\javaw.exe (not found)
Check launcher:	C:\Windows\system32\bin\javaw.exe (not found)
Check launcher:	C:\Windows\bin\javaw.exe (not found)
Check launcher:	C:\Windows\System32\Wbem\bin\javaw.exe (not found)
Check launcher:	C:\Windows\System32\WindowsPowerShell\v1.0\bin\javaw.exe (not found)
Check launcher:	C:\Windows\System32\OpenSSH\bin\javaw.exe (not found)
Check launcher:	C:\Program Files\Git\cmd\bin\javaw.exe (not found)
Check launcher:	C:\Program Files\Mullvad VPN\resources\bin\javaw.exe (not found)
Check launcher:	C:\Users\cicas\AppData\Local\Android\sdk\platform-tools\bin\javaw.exe (not found)
Check launcher:	C:\Users\cicas\AppData\Local\Android\Sdk\platform-tools\bin\javaw.exe (not found)
Check launcher:	C:\Users\cicas\AppData\Local\Android\Sdk\platform-tools\bin\javaw.exe (not found)
Check launcher:	C:\Users\cicas\AppData\Local\Android\Sdk\emulator\bin\javaw.exe (not found)
Check launcher:	C:\Users\cicas\AppData\Local\Microsoft\WindowsApps\bin\javaw.exe (not found)
Check launcher:	C:\Users\cicas\AppData\Local\Programs\Microsoft VS Code\bin\javaw.exe (not found)
Check launcher:	C:\Program Files (x86)\Java\jre1.8.0_361\bin\javaw.exe (not found)
64-bit search:	SOFTWARE\JavaSoft\Java Runtime Environment...
32-bit search:	SOFTWARE\JavaSoft\Java Runtime Environment...
64-bit search:	SOFTWARE\JavaSoft\Java Development Kit...
32-bit search:	SOFTWARE\JavaSoft\Java Development Kit...
64-bit search:	SOFTWARE\JavaSoft\JRE...
32-bit search:	SOFTWARE\JavaSoft\JRE...
64-bit search:	SOFTWARE\JavaSoft\JDK...
Check:		SOFTWARE\JavaSoft\JDK\17.0.6
Version string: 1.017.000_006 / 64-Bit (OK)
Check launcher:	C:\Program Files\Java\jdk-17\bin\javaw.exe (OK)
Match:		1.017.000_006
Runtime used:	1.017.000_006 (64-bit)
Launcher:	C:\Program Files\Java\jdk-17\bin\javaw.exe
Launcher args:	-jar "C:\Users\cicas\Desktop\screenshare_java\screenshare.exe"
Args length:	62/32768 chars
Exit code:	0
